2023-10-17 19:32:01,836 [Worker-2: Loading available Gradle versions] INFO  o.e.b.c.i.u.g.PublishedGradleVersions - Gradle version information cache is up-to-date. Trying to read.
2023-10-17 19:48:31,876 [Worker-34: Enabling Maven Dependency Management] INFO  o.e.m.c.i.l.LifecycleMappingFactory - Using org.maven.ide.eclipse.wtp.WarLifecycleMapping lifecycle mapping for MavenProject: com.bookstore:BookStoreWebsite:0.0.1-SNAPSHOT @ C:\Users\jggup\OneDrive\Documents\BookStoreWebsite\BookStoreWebsite\pom.xml.
2023-10-17 19:48:36,616 [Worker-39: Building] WARN  o.e.m.c.i.embedder.EclipseLogger - Using platform encoding (UTF-8 actually) to copy filtered resources, i.e. build is platform dependent!
2023-10-17 19:48:36,620 [Worker-39: Building] INFO  o.e.m.c.i.embedder.EclipseLogger - skip non existing resourceDirectory C:\Users\jggup\OneDrive\Documents\BookStoreWebsite\BookStoreWebsite\src\main\resources
2023-10-17 19:48:36,627 [Worker-39: Building] WARN  o.e.m.c.i.embedder.EclipseLogger - Using platform encoding (UTF-8 actually) to copy filtered resources, i.e. build is platform dependent!
2023-10-17 19:48:36,630 [Worker-39: Building] INFO  o.e.m.c.i.embedder.EclipseLogger - skip non existing resourceDirectory C:\Users\jggup\OneDrive\Documents\BookStoreWebsite\BookStoreWebsite\src\test\resources
2023-10-17 19:48:37,625 [Worker-34: Enabling Maven Dependency Management] INFO  o.e.m.j.i.AbstractJavaProjectConfigurator - Adding source folder /BookStoreWebsite/src/main/java
2023-10-17 19:48:37,627 [Worker-34: Enabling Maven Dependency Management] INFO  o.e.m.j.i.AbstractJavaProjectConfigurator - Adding source folder /BookStoreWebsite/test
2023-10-17 19:48:42,480 [Worker-34: Enabling Maven Dependency Management] INFO  o.e.m.c.i.p.ProjectConfigurationManager - Update started
2023-10-17 19:48:43,303 [Worker-34: Enabling Maven Dependency Management] INFO  o.e.m.c.i.l.LifecycleMappingFactory - Using org.maven.ide.eclipse.wtp.WarLifecycleMapping lifecycle mapping for MavenProject: com.bookstore:BookStoreWebsite:0.0.1-SNAPSHOT @ C:\Users\jggup\OneDrive\Documents\BookStoreWebsite\BookStoreWebsite\pom.xml.
2023-10-17 19:48:44,229 [Worker-39: Building] WARN  o.e.m.c.i.embedder.EclipseLogger - Using platform encoding (UTF-8 actually) to copy filtered resources, i.e. build is platform dependent!
2023-10-17 19:48:44,232 [Worker-39: Building] INFO  o.e.m.c.i.embedder.EclipseLogger - skip non existing resourceDirectory C:\Users\jggup\OneDrive\Documents\BookStoreWebsite\BookStoreWebsite\src\main\resources
2023-10-17 19:48:44,238 [Worker-39: Building] WARN  o.e.m.c.i.embedder.EclipseLogger - Using platform encoding (UTF-8 actually) to copy filtered resources, i.e. build is platform dependent!
2023-10-17 19:48:44,240 [Worker-39: Building] INFO  o.e.m.c.i.embedder.EclipseLogger - skip non existing resourceDirectory C:\Users\jggup\OneDrive\Documents\BookStoreWebsite\BookStoreWebsite\src\test\resources
2023-10-17 19:48:44,240 [Worker-39: Building] INFO  o.e.m.w.i.f.ResourceFilteringBuildParticipant - Changed resources require a complete clean of filtered resources of BookStoreWebsite
2023-10-17 19:48:44,241 [Worker-39: Building] INFO  o.e.m.w.i.f.ResourceFilteringBuildParticipant - Executing resource filtering for BookStoreWebsite
2023-10-17 19:48:44,265 [Worker-39: Building] WARN  o.e.m.c.i.embedder.EclipseLogger - Using platform encoding (UTF-8 actually) to copy filtered resources, i.e. build is platform dependent!
2023-10-17 19:48:44,960 [Worker-34: Enabling Maven Dependency Management] INFO  o.e.m.j.i.AbstractJavaProjectConfigurator - Adding source folder /BookStoreWebsite/src/main/java
2023-10-17 19:48:44,965 [Worker-34: Enabling Maven Dependency Management] INFO  o.e.m.j.i.AbstractJavaProjectConfigurator - Adding source folder /BookStoreWebsite/test
2023-10-17 19:48:45,248 [Worker-34: Enabling Maven Dependency Management] INFO  o.e.m.w.i.f.ResourceFilteringBuildParticipant - Cleaning filtered folder for BookStoreWebsite
2023-10-17 19:48:45,277 [Worker-34: Enabling Maven Dependency Management] INFO  o.e.m.c.i.p.ProjectConfigurationManager - Update completed for 1 poms: local refresh takes 0.00 sec, refresh facades takes 1.00 sec, update config takes 1.00 sec 
2023-10-17 19:48:46,124 [Worker-42: Building] WARN  o.e.m.c.i.embedder.EclipseLogger - Using platform encoding (UTF-8 actually) to copy filtered resources, i.e. build is platform dependent!
2023-10-17 19:48:46,135 [Worker-42: Building] INFO  o.e.m.c.i.embedder.EclipseLogger - skip non existing resourceDirectory C:\Users\jggup\OneDrive\Documents\BookStoreWebsite\BookStoreWebsite\src\main\resources
2023-10-17 19:48:46,156 [Worker-42: Building] WARN  o.e.m.c.i.embedder.EclipseLogger - Using platform encoding (UTF-8 actually) to copy filtered resources, i.e. build is platform dependent!
2023-10-17 19:48:46,167 [Worker-42: Building] INFO  o.e.m.c.i.embedder.EclipseLogger - skip non existing resourceDirectory C:\Users\jggup\OneDrive\Documents\BookStoreWebsite\BookStoreWebsite\src\test\resources
2023-10-17 19:48:46,170 [Worker-42: Building] INFO  o.e.m.w.i.f.ResourceFilteringBuildParticipant - Changed resources require a complete clean of filtered resources of BookStoreWebsite
2023-10-17 19:48:46,172 [Worker-42: Building] INFO  o.e.m.w.i.f.ResourceFilteringBuildParticipant - Executing resource filtering for BookStoreWebsite
2023-10-17 19:48:46,201 [Worker-42: Building] WARN  o.e.m.c.i.embedder.EclipseLogger - Using platform encoding (UTF-8 actually) to copy filtered resources, i.e. build is platform dependent!
2023-10-17 19:52:04,876 [Worker-45: Building] INFO  o.e.m.c.i.l.LifecycleMappingFactory - Using org.maven.ide.eclipse.wtp.WarLifecycleMapping lifecycle mapping for MavenProject: com.bookstore:BookStoreWebsite:0.0.1-SNAPSHOT @ C:\Users\jggup\OneDrive\Documents\BookStoreWebsite\BookStoreWebsite\pom.xml.
2023-10-17 19:52:05,411 [Worker-45: Building] WARN  o.e.m.c.i.embedder.EclipseLogger - Using platform encoding (UTF-8 actually) to copy filtered resources, i.e. build is platform dependent!
2023-10-17 19:52:05,413 [Worker-45: Building] INFO  o.e.m.c.i.embedder.EclipseLogger - skip non existing resourceDirectory C:\Users\jggup\OneDrive\Documents\BookStoreWebsite\BookStoreWebsite\src\main\resources
2023-10-17 19:52:05,416 [Worker-45: Building] WARN  o.e.m.c.i.embedder.EclipseLogger - Using platform encoding (UTF-8 actually) to copy filtered resources, i.e. build is platform dependent!
2023-10-17 19:52:05,418 [Worker-45: Building] INFO  o.e.m.c.i.embedder.EclipseLogger - skip non existing resourceDirectory C:\Users\jggup\OneDrive\Documents\BookStoreWebsite\BookStoreWebsite\src\test\resources
2023-10-17 19:52:05,419 [Worker-45: Building] INFO  o.e.m.w.i.f.ResourceFilteringBuildParticipant - Changed resources require a complete clean of filtered resources of BookStoreWebsite
2023-10-17 19:52:05,419 [Worker-45: Building] INFO  o.e.m.w.i.f.ResourceFilteringBuildParticipant - Executing resource filtering for BookStoreWebsite
2023-10-17 19:52:05,422 [Worker-45: Building] WARN  o.e.m.c.i.embedder.EclipseLogger - Using platform encoding (UTF-8 actually) to copy filtered resources, i.e. build is platform dependent!
2023-10-17 19:52:39,589 [Worker-45: Building] INFO  o.e.m.c.i.l.LifecycleMappingFactory - Using org.maven.ide.eclipse.wtp.WarLifecycleMapping lifecycle mapping for MavenProject: com.bookstore:BookStoreWebsite:0.0.1-SNAPSHOT @ C:\Users\jggup\OneDrive\Documents\BookStoreWebsite\BookStoreWebsite\pom.xml.
2023-10-17 19:52:40,206 [Worker-45: Building] WARN  o.e.m.c.i.embedder.EclipseLogger - Using platform encoding (UTF-8 actually) to copy filtered resources, i.e. build is platform dependent!
2023-10-17 19:52:40,207 [Worker-45: Building] INFO  o.e.m.c.i.embedder.EclipseLogger - skip non existing resourceDirectory C:\Users\jggup\OneDrive\Documents\BookStoreWebsite\BookStoreWebsite\src\main\resources
2023-10-17 19:52:40,211 [Worker-45: Building] WARN  o.e.m.c.i.embedder.EclipseLogger - Using platform encoding (UTF-8 actually) to copy filtered resources, i.e. build is platform dependent!
2023-10-17 19:52:40,212 [Worker-45: Building] INFO  o.e.m.c.i.embedder.EclipseLogger - skip non existing resourceDirectory C:\Users\jggup\OneDrive\Documents\BookStoreWebsite\BookStoreWebsite\src\test\resources
2023-10-17 19:52:40,213 [Worker-45: Building] INFO  o.e.m.w.i.f.ResourceFilteringBuildParticipant - Changed resources require a complete clean of filtered resources of BookStoreWebsite
2023-10-17 19:52:40,213 [Worker-45: Building] INFO  o.e.m.w.i.f.ResourceFilteringBuildParticipant - Executing resource filtering for BookStoreWebsite
2023-10-17 19:52:40,218 [Worker-45: Building] WARN  o.e.m.c.i.embedder.EclipseLogger - Using platform encoding (UTF-8 actually) to copy filtered resources, i.e. build is platform dependent!
2023-10-17 19:52:40,688 [Worker-36: Updating Maven Project] INFO  o.e.m.c.i.p.ProjectConfigurationManager - Update started
2023-10-17 19:52:41,044 [Worker-36: Updating Maven Project] INFO  o.e.m.c.i.l.LifecycleMappingFactory - Using org.maven.ide.eclipse.wtp.WarLifecycleMapping lifecycle mapping for MavenProject: com.bookstore:BookStoreWebsite:0.0.1-SNAPSHOT @ C:\Users\jggup\OneDrive\Documents\BookStoreWebsite\BookStoreWebsite\pom.xml.
2023-10-17 19:52:41,700 [Worker-36: Updating Maven Project] INFO  o.e.m.j.i.AbstractJavaProjectConfigurator - Adding source folder /BookStoreWebsite/src/main/java
2023-10-17 19:52:41,701 [Worker-36: Updating Maven Project] INFO  o.e.m.j.i.AbstractJavaProjectConfigurator - Adding source folder /BookStoreWebsite/test
2023-10-17 19:52:41,840 [Worker-36: Updating Maven Project] INFO  o.e.m.w.i.f.ResourceFilteringBuildParticipant - Cleaning filtered folder for BookStoreWebsite
2023-10-17 19:52:41,851 [Worker-36: Updating Maven Project] INFO  o.e.m.c.i.p.ProjectConfigurationManager - Update completed for 1 poms: local refresh takes 0.00 sec, refresh facades takes 0.00 sec, update config takes 0.00 sec 
2023-10-17 19:52:41,995 [Worker-45: Building] WARN  o.e.m.c.i.embedder.EclipseLogger - Using platform encoding (UTF-8 actually) to copy filtered resources, i.e. build is platform dependent!
2023-10-17 19:52:41,997 [Worker-45: Building] INFO  o.e.m.c.i.embedder.EclipseLogger - skip non existing resourceDirectory C:\Users\jggup\OneDrive\Documents\BookStoreWebsite\BookStoreWebsite\src\main\resources
2023-10-17 19:52:42,002 [Worker-45: Building] WARN  o.e.m.c.i.embedder.EclipseLogger - Using platform encoding (UTF-8 actually) to copy filtered resources, i.e. build is platform dependent!
2023-10-17 19:52:42,004 [Worker-45: Building] INFO  o.e.m.c.i.embedder.EclipseLogger - skip non existing resourceDirectory C:\Users\jggup\OneDrive\Documents\BookStoreWebsite\BookStoreWebsite\src\test\resources
2023-10-17 19:52:42,004 [Worker-45: Building] INFO  o.e.m.w.i.f.ResourceFilteringBuildParticipant - Changed resources require a complete clean of filtered resources of BookStoreWebsite
2023-10-17 19:52:42,005 [Worker-45: Building] INFO  o.e.m.w.i.f.ResourceFilteringBuildParticipant - Executing resource filtering for BookStoreWebsite
2023-10-17 19:52:42,016 [Worker-45: Building] WARN  o.e.m.c.i.embedder.EclipseLogger - Using platform encoding (UTF-8 actually) to copy filtered resources, i.e. build is platform dependent!
2023-10-17 20:01:36,481 [Worker-46: Building] INFO  o.e.m.c.i.l.LifecycleMappingFactory - Using org.maven.ide.eclipse.wtp.WarLifecycleMapping lifecycle mapping for MavenProject: com.bookstore:BookStoreWebsite:0.0.1-SNAPSHOT @ C:\Users\jggup\OneDrive\Documents\BookStoreWebsite\BookStoreWebsite\pom.xml.
2023-10-17 20:01:36,835 [Worker-46: Building] INFO  o.e.m.w.i.f.ResourceFilteringBuildParticipant - Changed resources require a complete clean of filtered resources of BookStoreWebsite
2023-10-17 20:01:36,835 [Worker-46: Building] INFO  o.e.m.w.i.f.ResourceFilteringBuildParticipant - Executing resource filtering for BookStoreWebsite
2023-10-17 20:01:50,713 [Worker-46: Building] INFO  o.e.m.c.i.l.LifecycleMappingFactory - Using org.maven.ide.eclipse.wtp.WarLifecycleMapping lifecycle mapping for MavenProject: com.bookstore:BookStoreWebsite:0.0.1-SNAPSHOT @ C:\Users\jggup\OneDrive\Documents\BookStoreWebsite\BookStoreWebsite\pom.xml.
2023-10-17 20:01:51,296 [Worker-46: Building] WARN  o.e.m.c.i.embedder.EclipseLogger - Using platform encoding (UTF-8 actually) to copy filtered resources, i.e. build is platform dependent!
2023-10-17 20:01:51,297 [Worker-46: Building] INFO  o.e.m.c.i.embedder.EclipseLogger - skip non existing resourceDirectory C:\Users\jggup\OneDrive\Documents\BookStoreWebsite\BookStoreWebsite\src\main\resources
2023-10-17 20:01:51,300 [Worker-46: Building] WARN  o.e.m.c.i.embedder.EclipseLogger - Using platform encoding (UTF-8 actually) to copy filtered resources, i.e. build is platform dependent!
2023-10-17 20:01:51,302 [Worker-46: Building] INFO  o.e.m.c.i.embedder.EclipseLogger - skip non existing resourceDirectory C:\Users\jggup\OneDrive\Documents\BookStoreWebsite\BookStoreWebsite\src\test\resources
2023-10-17 20:01:51,302 [Worker-46: Building] INFO  o.e.m.w.i.f.ResourceFilteringBuildParticipant - Changed resources require a complete clean of filtered resources of BookStoreWebsite
2023-10-17 20:01:51,302 [Worker-46: Building] INFO  o.e.m.w.i.f.ResourceFilteringBuildParticipant - Executing resource filtering for BookStoreWebsite
2023-10-17 20:01:51,305 [Worker-46: Building] WARN  o.e.m.c.i.embedder.EclipseLogger - Using platform encoding (UTF-8 actually) to copy filtered resources, i.e. build is platform dependent!
2023-10-17 20:06:44,416 [Worker-46: Building] INFO  o.e.m.c.i.l.LifecycleMappingFactory - Using org.maven.ide.eclipse.wtp.WarLifecycleMapping lifecycle mapping for MavenProject: com.bookstore:BookStoreWebsite:0.0.1-SNAPSHOT @ C:\Users\jggup\OneDrive\Documents\BookStoreWebsite\BookStoreWebsite\pom.xml.
2023-10-17 20:06:45,507 [Worker-46: Building] INFO  o.e.m.c.i.e.AbstractTransferListenerAdapter - Downloading https://repo.maven.apache.org/maven2/mysql/mysql-connector-java/8.0.8-dmr/mysql-connector-java-8.0.8-dmr.jar
2023-10-17 20:06:47,830 [Worker-46: Building] INFO  o.e.m.c.i.e.AbstractTransferListenerAdapter - Downloaded https://repo.maven.apache.org/maven2/mysql/mysql-connector-java/8.0.8-dmr/mysql-connector-java-8.0.8-dmr.jar
2023-10-17 20:06:48,660 [Worker-46: Building] WARN  o.e.m.c.i.embedder.EclipseLogger - Using platform encoding (UTF-8 actually) to copy filtered resources, i.e. build is platform dependent!
2023-10-17 20:06:48,662 [Worker-46: Building] INFO  o.e.m.c.i.embedder.EclipseLogger - skip non existing resourceDirectory C:\Users\jggup\OneDrive\Documents\BookStoreWebsite\BookStoreWebsite\src\main\resources
2023-10-17 20:06:48,666 [Worker-46: Building] WARN  o.e.m.c.i.embedder.EclipseLogger - Using platform encoding (UTF-8 actually) to copy filtered resources, i.e. build is platform dependent!
2023-10-17 20:06:48,668 [Worker-46: Building] INFO  o.e.m.c.i.embedder.EclipseLogger - skip non existing resourceDirectory C:\Users\jggup\OneDrive\Documents\BookStoreWebsite\BookStoreWebsite\src\test\resources
2023-10-17 20:06:48,669 [Worker-46: Building] INFO  o.e.m.w.i.f.ResourceFilteringBuildParticipant - Changed resources require a complete clean of filtered resources of BookStoreWebsite
2023-10-17 20:06:48,669 [Worker-46: Building] INFO  o.e.m.w.i.f.ResourceFilteringBuildParticipant - Executing resource filtering for BookStoreWebsite
2023-10-17 20:06:48,673 [Worker-46: Building] WARN  o.e.m.c.i.embedder.EclipseLogger - Using platform encoding (UTF-8 actually) to copy filtered resources, i.e. build is platform dependent!
2023-10-17 20:06:50,444 [Worker-54: Download sources and javadoc] INFO  o.e.m.c.i.e.AbstractTransferListenerAdapter - Downloading https://repo.maven.apache.org/maven2/mysql/mysql-connector-java/8.0.8-dmr/mysql-connector-java-8.0.8-dmr-sources.jar
2023-10-17 20:06:54,188 [Worker-56: Building] INFO  o.e.m.c.i.l.LifecycleMappingFactory - Using org.maven.ide.eclipse.wtp.WarLifecycleMapping lifecycle mapping for MavenProject: com.bookstore:BookStoreWebsite:0.0.1-SNAPSHOT @ C:\Users\jggup\OneDrive\Documents\BookStoreWebsite\BookStoreWebsite\pom.xml.
2023-10-17 20:06:54,474 [Worker-54: Download sources and javadoc] INFO  o.e.m.c.i.e.AbstractTransferListenerAdapter - Downloaded https://repo.maven.apache.org/maven2/mysql/mysql-connector-java/8.0.8-dmr/mysql-connector-java-8.0.8-dmr-sources.jar
2023-10-17 20:06:54,481 [Worker-54: Download sources and javadoc] INFO  o.e.m.j.internal.DownloadSourcesJob - Downloaded sources for mysql:mysql-connector-java:8.0.8-dmr
2023-10-17 20:06:54,815 [Worker-56: Building] WARN  o.e.m.c.i.embedder.EclipseLogger - Using platform encoding (UTF-8 actually) to copy filtered resources, i.e. build is platform dependent!
2023-10-17 20:06:54,817 [Worker-56: Building] INFO  o.e.m.c.i.embedder.EclipseLogger - skip non existing resourceDirectory C:\Users\jggup\OneDrive\Documents\BookStoreWebsite\BookStoreWebsite\src\main\resources
2023-10-17 20:06:54,821 [Worker-56: Building] WARN  o.e.m.c.i.embedder.EclipseLogger - Using platform encoding (UTF-8 actually) to copy filtered resources, i.e. build is platform dependent!
2023-10-17 20:06:54,823 [Worker-56: Building] INFO  o.e.m.c.i.embedder.EclipseLogger - skip non existing resourceDirectory C:\Users\jggup\OneDrive\Documents\BookStoreWebsite\BookStoreWebsite\src\test\resources
2023-10-17 20:06:54,824 [Worker-56: Building] INFO  o.e.m.w.i.f.ResourceFilteringBuildParticipant - Changed resources require a complete clean of filtered resources of BookStoreWebsite
2023-10-17 20:06:54,824 [Worker-56: Building] INFO  o.e.m.w.i.f.ResourceFilteringBuildParticipant - Executing resource filtering for BookStoreWebsite
2023-10-17 20:06:54,828 [Worker-56: Building] WARN  o.e.m.c.i.embedder.EclipseLogger - Using platform encoding (UTF-8 actually) to copy filtered resources, i.e. build is platform dependent!
2023-10-17 20:06:55,901 [Worker-58: Building] WARN  o.e.m.c.i.embedder.EclipseLogger - Using platform encoding (UTF-8 actually) to copy filtered resources, i.e. build is platform dependent!
2023-10-17 20:06:55,902 [Worker-58: Building] INFO  o.e.m.c.i.embedder.EclipseLogger - skip non existing resourceDirectory C:\Users\jggup\OneDrive\Documents\BookStoreWebsite\BookStoreWebsite\src\main\resources
2023-10-17 20:06:55,905 [Worker-58: Building] WARN  o.e.m.c.i.embedder.EclipseLogger - Using platform encoding (UTF-8 actually) to copy filtered resources, i.e. build is platform dependent!
2023-10-17 20:06:55,907 [Worker-58: Building] INFO  o.e.m.c.i.embedder.EclipseLogger - skip non existing resourceDirectory C:\Users\jggup\OneDrive\Documents\BookStoreWebsite\BookStoreWebsite\src\test\resources
2023-10-17 20:24:13,153 [Worker-60: Building] INFO  o.e.m.c.i.l.LifecycleMappingFactory - Using org.maven.ide.eclipse.wtp.WarLifecycleMapping lifecycle mapping for MavenProject: com.bookstore:BookStoreWebsite:0.0.1-SNAPSHOT @ C:\Users\jggup\OneDrive\Documents\BookStoreWebsite\BookStoreWebsite\pom.xml.
2023-10-17 20:24:13,905 [Worker-60: Building] WARN  o.e.m.c.i.embedder.EclipseLogger - Using platform encoding (UTF-8 actually) to copy filtered resources, i.e. build is platform dependent!
2023-10-17 20:24:13,908 [Worker-60: Building] INFO  o.e.m.c.i.embedder.EclipseLogger - skip non existing resourceDirectory C:\Users\jggup\OneDrive\Documents\BookStoreWebsite\BookStoreWebsite\src\main\resources
2023-10-17 20:24:13,912 [Worker-60: Building] WARN  o.e.m.c.i.embedder.EclipseLogger - Using platform encoding (UTF-8 actually) to copy filtered resources, i.e. build is platform dependent!
2023-10-17 20:24:13,914 [Worker-60: Building] INFO  o.e.m.c.i.embedder.EclipseLogger - skip non existing resourceDirectory C:\Users\jggup\OneDrive\Documents\BookStoreWebsite\BookStoreWebsite\src\test\resources
2023-10-17 20:24:13,914 [Worker-60: Building] INFO  o.e.m.w.i.f.ResourceFilteringBuildParticipant - Changed resources require a complete clean of filtered resources of BookStoreWebsite
2023-10-17 20:24:13,915 [Worker-60: Building] INFO  o.e.m.w.i.f.ResourceFilteringBuildParticipant - Executing resource filtering for BookStoreWebsite
2023-10-17 20:24:13,919 [Worker-60: Building] WARN  o.e.m.c.i.embedder.EclipseLogger - Using platform encoding (UTF-8 actually) to copy filtered resources, i.e. build is platform dependent!
2023-10-17 22:45:40,955 [Worker-5: Loading available Gradle versions] INFO  o.e.b.c.i.u.g.PublishedGradleVersions - Gradle version information cache is up-to-date. Trying to read.
2023-10-17 22:45:54,914 [Worker-3: Building] WARN  o.e.m.c.i.embedder.EclipseLogger - Using platform encoding (UTF-8 actually) to copy filtered resources, i.e. build is platform dependent!
2023-10-17 22:45:54,917 [Worker-3: Building] INFO  o.e.m.c.i.embedder.EclipseLogger - skip non existing resourceDirectory C:\Users\jggup\OneDrive\Documents\BookStoreWebsite\BookStoreWebsite\src\main\resources
2023-10-17 22:45:54,928 [Worker-3: Building] WARN  o.e.m.c.i.embedder.EclipseLogger - Using platform encoding (UTF-8 actually) to copy filtered resources, i.e. build is platform dependent!
2023-10-17 22:45:54,931 [Worker-3: Building] INFO  o.e.m.c.i.embedder.EclipseLogger - skip non existing resourceDirectory C:\Users\jggup\OneDrive\Documents\BookStoreWebsite\BookStoreWebsite\src\test\resources
2023-10-17 22:47:24,164 [Worker-21: Building] INFO  o.e.m.c.i.l.LifecycleMappingFactory - Using org.maven.ide.eclipse.wtp.WarLifecycleMapping lifecycle mapping for MavenProject: com.bookstore:BookStoreWebsite:0.0.1-SNAPSHOT @ C:\Users\jggup\OneDrive\Documents\BookStoreWebsite\BookStoreWebsite\pom.xml.
2023-10-17 22:47:24,980 [Worker-21: Building] WARN  o.e.m.c.i.embedder.EclipseLogger - Using platform encoding (UTF-8 actually) to copy filtered resources, i.e. build is platform dependent!
2023-10-17 22:47:24,982 [Worker-21: Building] INFO  o.e.m.c.i.embedder.EclipseLogger - skip non existing resourceDirectory C:\Users\jggup\OneDrive\Documents\BookStoreWebsite\BookStoreWebsite\src\main\resources
2023-10-17 22:47:24,985 [Worker-21: Building] WARN  o.e.m.c.i.embedder.EclipseLogger - Using platform encoding (UTF-8 actually) to copy filtered resources, i.e. build is platform dependent!
2023-10-17 22:47:24,986 [Worker-21: Building] INFO  o.e.m.c.i.embedder.EclipseLogger - skip non existing resourceDirectory C:\Users\jggup\OneDrive\Documents\BookStoreWebsite\BookStoreWebsite\src\test\resources
2023-10-17 22:47:24,988 [Worker-21: Building] INFO  o.e.m.w.i.f.ResourceFilteringBuildParticipant - Changed resources require a complete clean of filtered resources of BookStoreWebsite
2023-10-17 22:47:24,988 [Worker-21: Building] INFO  o.e.m.w.i.f.ResourceFilteringBuildParticipant - Executing resource filtering for BookStoreWebsite
2023-10-17 22:47:25,002 [Worker-21: Building] WARN  o.e.m.c.i.embedder.EclipseLogger - Using platform encoding (UTF-8 actually) to copy filtered resources, i.e. build is platform dependent!
2023-10-17 22:47:55,225 [Worker-6: Building] INFO  o.e.m.c.i.l.LifecycleMappingFactory - Using org.maven.ide.eclipse.wtp.WarLifecycleMapping lifecycle mapping for MavenProject: com.bookstore:BookStoreWebsite:0.0.1-SNAPSHOT @ C:\Users\jggup\OneDrive\Documents\BookStoreWebsite\BookStoreWebsite\pom.xml.
2023-10-17 22:47:56,009 [Worker-6: Building] WARN  o.e.m.c.i.embedder.EclipseLogger - Using platform encoding (UTF-8 actually) to copy filtered resources, i.e. build is platform dependent!
2023-10-17 22:47:56,010 [Worker-6: Building] INFO  o.e.m.c.i.embedder.EclipseLogger - skip non existing resourceDirectory C:\Users\jggup\OneDrive\Documents\BookStoreWebsite\BookStoreWebsite\src\main\resources
2023-10-17 22:47:56,016 [Worker-6: Building] WARN  o.e.m.c.i.embedder.EclipseLogger - Using platform encoding (UTF-8 actually) to copy filtered resources, i.e. build is platform dependent!
2023-10-17 22:47:56,017 [Worker-6: Building] INFO  o.e.m.c.i.embedder.EclipseLogger - skip non existing resourceDirectory C:\Users\jggup\OneDrive\Documents\BookStoreWebsite\BookStoreWebsite\src\test\resources
2023-10-17 22:47:56,018 [Worker-6: Building] INFO  o.e.m.w.i.f.ResourceFilteringBuildParticipant - Changed resources require a complete clean of filtered resources of BookStoreWebsite
2023-10-17 22:47:56,019 [Worker-6: Building] INFO  o.e.m.w.i.f.ResourceFilteringBuildParticipant - Executing resource filtering for BookStoreWebsite
2023-10-17 22:47:56,024 [Worker-6: Building] WARN  o.e.m.c.i.embedder.EclipseLogger - Using platform encoding (UTF-8 actually) to copy filtered resources, i.e. build is platform dependent!
2023-10-17 22:49:18,886 [Worker-26: Building] INFO  o.e.m.c.i.l.LifecycleMappingFactory - Using org.maven.ide.eclipse.wtp.WarLifecycleMapping lifecycle mapping for MavenProject: com.bookstore:BookStoreWebsite:0.0.1-SNAPSHOT @ C:\Users\jggup\OneDrive\Documents\BookStoreWebsite\BookStoreWebsite\pom.xml.
2023-10-17 22:49:19,511 [Worker-26: Building] WARN  o.e.m.c.i.embedder.EclipseLogger - Using platform encoding (UTF-8 actually) to copy filtered resources, i.e. build is platform dependent!
2023-10-17 22:49:19,520 [Worker-26: Building] INFO  o.e.m.c.i.embedder.EclipseLogger - skip non existing resourceDirectory C:\Users\jggup\OneDrive\Documents\BookStoreWebsite\BookStoreWebsite\src\main\resources
2023-10-17 22:49:19,520 [Worker-26: Building] WARN  o.e.m.c.i.embedder.EclipseLogger - Using platform encoding (UTF-8 actually) to copy filtered resources, i.e. build is platform dependent!
2023-10-17 22:49:19,520 [Worker-26: Building] INFO  o.e.m.c.i.embedder.EclipseLogger - skip non existing resourceDirectory C:\Users\jggup\OneDrive\Documents\BookStoreWebsite\BookStoreWebsite\src\test\resources
2023-10-17 22:49:19,520 [Worker-26: Building] INFO  o.e.m.w.i.f.ResourceFilteringBuildParticipant - Changed resources require a complete clean of filtered resources of BookStoreWebsite
2023-10-17 22:49:19,520 [Worker-26: Building] INFO  o.e.m.w.i.f.ResourceFilteringBuildParticipant - Executing resource filtering for BookStoreWebsite
2023-10-17 22:49:19,528 [Worker-26: Building] WARN  o.e.m.c.i.embedder.EclipseLogger - Using platform encoding (UTF-8 actually) to copy filtered resources, i.e. build is platform dependent!
2023-10-17 22:50:44,752 [Worker-24: Building] INFO  o.e.m.c.i.l.LifecycleMappingFactory - Using org.maven.ide.eclipse.wtp.WarLifecycleMapping lifecycle mapping for MavenProject: com.bookstore:BookStoreWebsite:0.0.1-SNAPSHOT @ C:\Users\jggup\OneDrive\Documents\BookStoreWebsite\BookStoreWebsite\pom.xml.
2023-10-17 22:50:45,407 [Worker-24: Building] WARN  o.e.m.c.i.embedder.EclipseLogger - Using platform encoding (UTF-8 actually) to copy filtered resources, i.e. build is platform dependent!
2023-10-17 22:50:45,409 [Worker-24: Building] INFO  o.e.m.c.i.embedder.EclipseLogger - skip non existing resourceDirectory C:\Users\jggup\OneDrive\Documents\BookStoreWebsite\BookStoreWebsite\src\main\resources
2023-10-17 22:50:45,416 [Worker-24: Building] WARN  o.e.m.c.i.embedder.EclipseLogger - Using platform encoding (UTF-8 actually) to copy filtered resources, i.e. build is platform dependent!
2023-10-17 22:50:45,420 [Worker-24: Building] INFO  o.e.m.c.i.embedder.EclipseLogger - skip non existing resourceDirectory C:\Users\jggup\OneDrive\Documents\BookStoreWebsite\BookStoreWebsite\src\test\resources
2023-10-17 22:50:45,420 [Worker-24: Building] INFO  o.e.m.w.i.f.ResourceFilteringBuildParticipant - Changed resources require a complete clean of filtered resources of BookStoreWebsite
2023-10-17 22:50:45,420 [Worker-24: Building] INFO  o.e.m.w.i.f.ResourceFilteringBuildParticipant - Executing resource filtering for BookStoreWebsite
2023-10-17 22:50:45,428 [Worker-24: Building] WARN  o.e.m.c.i.embedder.EclipseLogger - Using platform encoding (UTF-8 actually) to copy filtered resources, i.e. build is platform dependent!
2023-10-17 22:51:00,666 [Worker-22: Building] INFO  o.e.m.c.i.l.LifecycleMappingFactory - Using org.maven.ide.eclipse.wtp.WarLifecycleMapping lifecycle mapping for MavenProject: com.bookstore:BookStoreWebsite:0.0.1-SNAPSHOT @ C:\Users\jggup\OneDrive\Documents\BookStoreWebsite\BookStoreWebsite\pom.xml.
2023-10-17 22:51:01,410 [Worker-22: Building] WARN  o.e.m.c.i.embedder.EclipseLogger - Using platform encoding (UTF-8 actually) to copy filtered resources, i.e. build is platform dependent!
2023-10-17 22:51:01,412 [Worker-22: Building] INFO  o.e.m.c.i.embedder.EclipseLogger - skip non existing resourceDirectory C:\Users\jggup\OneDrive\Documents\BookStoreWebsite\BookStoreWebsite\src\main\resources
2023-10-17 22:51:01,415 [Worker-22: Building] WARN  o.e.m.c.i.embedder.EclipseLogger - Using platform encoding (UTF-8 actually) to copy filtered resources, i.e. build is platform dependent!
2023-10-17 22:51:01,416 [Worker-22: Building] INFO  o.e.m.c.i.embedder.EclipseLogger - skip non existing resourceDirectory C:\Users\jggup\OneDrive\Documents\BookStoreWebsite\BookStoreWebsite\src\test\resources
2023-10-17 22:51:01,417 [Worker-22: Building] INFO  o.e.m.w.i.f.ResourceFilteringBuildParticipant - Changed resources require a complete clean of filtered resources of BookStoreWebsite
2023-10-17 22:51:01,417 [Worker-22: Building] INFO  o.e.m.w.i.f.ResourceFilteringBuildParticipant - Executing resource filtering for BookStoreWebsite
2023-10-17 22:51:01,420 [Worker-22: Building] WARN  o.e.m.c.i.embedder.EclipseLogger - Using platform encoding (UTF-8 actually) to copy filtered resources, i.e. build is platform dependent!
2023-10-17 22:52:50,771 [Worker-30: Building] INFO  o.e.m.c.i.l.LifecycleMappingFactory - Using org.maven.ide.eclipse.wtp.WarLifecycleMapping lifecycle mapping for MavenProject: com.bookstore:BookStoreWebsite:0.0.1-SNAPSHOT @ C:\Users\jggup\OneDrive\Documents\BookStoreWebsite\BookStoreWebsite\pom.xml.
2023-10-17 22:52:51,264 [Worker-30: Building] WARN  o.e.m.c.i.embedder.EclipseLogger - Using platform encoding (UTF-8 actually) to copy filtered resources, i.e. build is platform dependent!
2023-10-17 22:52:51,266 [Worker-30: Building] INFO  o.e.m.c.i.embedder.EclipseLogger - skip non existing resourceDirectory C:\Users\jggup\OneDrive\Documents\BookStoreWebsite\BookStoreWebsite\src\main\resources
2023-10-17 22:52:51,269 [Worker-30: Building] WARN  o.e.m.c.i.embedder.EclipseLogger - Using platform encoding (UTF-8 actually) to copy filtered resources, i.e. build is platform dependent!
2023-10-17 22:52:51,270 [Worker-30: Building] INFO  o.e.m.c.i.embedder.EclipseLogger - skip non existing resourceDirectory C:\Users\jggup\OneDrive\Documents\BookStoreWebsite\BookStoreWebsite\src\test\resources
2023-10-17 22:52:51,271 [Worker-30: Building] INFO  o.e.m.w.i.f.ResourceFilteringBuildParticipant - Changed resources require a complete clean of filtered resources of BookStoreWebsite
2023-10-17 22:52:51,271 [Worker-30: Building] INFO  o.e.m.w.i.f.ResourceFilteringBuildParticipant - Executing resource filtering for BookStoreWebsite
2023-10-17 22:52:51,275 [Worker-30: Building] WARN  o.e.m.c.i.embedder.EclipseLogger - Using platform encoding (UTF-8 actually) to copy filtered resources, i.e. build is platform dependent!
2023-10-17 23:05:11,797 [Worker-39: Building] WARN  o.e.m.c.i.embedder.EclipseLogger - Using platform encoding (UTF-8 actually) to copy filtered resources, i.e. build is platform dependent!
2023-10-17 23:05:11,799 [Worker-39: Building] INFO  o.e.m.c.i.embedder.EclipseLogger - skip non existing resourceDirectory C:\Users\jggup\OneDrive\Documents\BookStoreWebsite\BookStoreWebsite\src\main\resources
2023-10-17 23:05:11,802 [Worker-39: Building] WARN  o.e.m.c.i.embedder.EclipseLogger - Using platform encoding (UTF-8 actually) to copy filtered resources, i.e. build is platform dependent!
2023-10-17 23:05:11,803 [Worker-39: Building] INFO  o.e.m.c.i.embedder.EclipseLogger - skip non existing resourceDirectory C:\Users\jggup\OneDrive\Documents\BookStoreWebsite\BookStoreWebsite\src\test\resources
2023-10-17 23:05:33,238 [Worker-41: Building] WARN  o.e.m.c.i.embedder.EclipseLogger - Using platform encoding (UTF-8 actually) to copy filtered resources, i.e. build is platform dependent!
2023-10-17 23:05:33,240 [Worker-41: Building] INFO  o.e.m.c.i.embedder.EclipseLogger - skip non existing resourceDirectory C:\Users\jggup\OneDrive\Documents\BookStoreWebsite\BookStoreWebsite\src\main\resources
2023-10-17 23:05:33,245 [Worker-41: Building] WARN  o.e.m.c.i.embedder.EclipseLogger - Using platform encoding (UTF-8 actually) to copy filtered resources, i.e. build is platform dependent!
2023-10-17 23:05:33,247 [Worker-41: Building] INFO  o.e.m.c.i.embedder.EclipseLogger - skip non existing resourceDirectory C:\Users\jggup\OneDrive\Documents\BookStoreWebsite\BookStoreWebsite\src\test\resources
2023-10-17 23:05:53,149 [Worker-38: Building] WARN  o.e.m.c.i.embedder.EclipseLogger - Using platform encoding (UTF-8 actually) to copy filtered resources, i.e. build is platform dependent!
2023-10-17 23:05:53,151 [Worker-38: Building] INFO  o.e.m.c.i.embedder.EclipseLogger - skip non existing resourceDirectory C:\Users\jggup\OneDrive\Documents\BookStoreWebsite\BookStoreWebsite\src\main\resources
2023-10-17 23:05:53,153 [Worker-38: Building] WARN  o.e.m.c.i.embedder.EclipseLogger - Using platform encoding (UTF-8 actually) to copy filtered resources, i.e. build is platform dependent!
2023-10-17 23:05:53,155 [Worker-38: Building] INFO  o.e.m.c.i.embedder.EclipseLogger - skip non existing resourceDirectory C:\Users\jggup\OneDrive\Documents\BookStoreWebsite\BookStoreWebsite\src\test\resources
2023-10-17 23:06:07,254 [Worker-40: Building] WARN  o.e.m.c.i.embedder.EclipseLogger - Using platform encoding (UTF-8 actually) to copy filtered resources, i.e. build is platform dependent!
2023-10-17 23:06:07,255 [Worker-40: Building] INFO  o.e.m.c.i.embedder.EclipseLogger - skip non existing resourceDirectory C:\Users\jggup\OneDrive\Documents\BookStoreWebsite\BookStoreWebsite\src\main\resources
2023-10-17 23:06:07,258 [Worker-40: Building] WARN  o.e.m.c.i.embedder.EclipseLogger - Using platform encoding (UTF-8 actually) to copy filtered resources, i.e. build is platform dependent!
2023-10-17 23:06:07,261 [Worker-40: Building] INFO  o.e.m.c.i.embedder.EclipseLogger - skip non existing resourceDirectory C:\Users\jggup\OneDrive\Documents\BookStoreWebsite\BookStoreWebsite\src\test\resources
2023-10-17 23:06:26,826 [Worker-40: Building] WARN  o.e.m.c.i.embedder.EclipseLogger - Using platform encoding (UTF-8 actually) to copy filtered resources, i.e. build is platform dependent!
2023-10-17 23:06:26,829 [Worker-40: Building] INFO  o.e.m.c.i.embedder.EclipseLogger - skip non existing resourceDirectory C:\Users\jggup\OneDrive\Documents\BookStoreWebsite\BookStoreWebsite\src\main\resources
2023-10-17 23:06:26,832 [Worker-40: Building] WARN  o.e.m.c.i.embedder.EclipseLogger - Using platform encoding (UTF-8 actually) to copy filtered resources, i.e. build is platform dependent!
2023-10-17 23:06:26,834 [Worker-40: Building] INFO  o.e.m.c.i.embedder.EclipseLogger - skip non existing resourceDirectory C:\Users\jggup\OneDrive\Documents\BookStoreWebsite\BookStoreWebsite\src\test\resources
2023-10-17 23:06:38,689 [Worker-38: Building] WARN  o.e.m.c.i.embedder.EclipseLogger - Using platform encoding (UTF-8 actually) to copy filtered resources, i.e. build is platform dependent!
2023-10-17 23:06:38,692 [Worker-38: Building] INFO  o.e.m.c.i.embedder.EclipseLogger - skip non existing resourceDirectory C:\Users\jggup\OneDrive\Documents\BookStoreWebsite\BookStoreWebsite\src\main\resources
2023-10-17 23:06:38,695 [Worker-38: Building] WARN  o.e.m.c.i.embedder.EclipseLogger - Using platform encoding (UTF-8 actually) to copy filtered resources, i.e. build is platform dependent!
2023-10-17 23:06:38,697 [Worker-38: Building] INFO  o.e.m.c.i.embedder.EclipseLogger - skip non existing resourceDirectory C:\Users\jggup\OneDrive\Documents\BookStoreWebsite\BookStoreWebsite\src\test\resources
2023-10-17 23:06:53,145 [Worker-35: Building] WARN  o.e.m.c.i.embedder.EclipseLogger - Using platform encoding (UTF-8 actually) to copy filtered resources, i.e. build is platform dependent!
2023-10-17 23:06:53,147 [Worker-35: Building] INFO  o.e.m.c.i.embedder.EclipseLogger - skip non existing resourceDirectory C:\Users\jggup\OneDrive\Documents\BookStoreWebsite\BookStoreWebsite\src\main\resources
2023-10-17 23:06:53,150 [Worker-35: Building] WARN  o.e.m.c.i.embedder.EclipseLogger - Using platform encoding (UTF-8 actually) to copy filtered resources, i.e. build is platform dependent!
2023-10-17 23:06:53,151 [Worker-35: Building] INFO  o.e.m.c.i.embedder.EclipseLogger - skip non existing resourceDirectory C:\Users\jggup\OneDrive\Documents\BookStoreWebsite\BookStoreWebsite\src\test\resources
2023-10-17 23:07:58,767 [Worker-39: Building] WARN  o.e.m.c.i.embedder.EclipseLogger - Using platform encoding (UTF-8 actually) to copy filtered resources, i.e. build is platform dependent!
2023-10-17 23:07:58,768 [Worker-39: Building] INFO  o.e.m.c.i.embedder.EclipseLogger - skip non existing resourceDirectory C:\Users\jggup\OneDrive\Documents\BookStoreWebsite\BookStoreWebsite\src\main\resources
2023-10-17 23:07:58,770 [Worker-39: Building] WARN  o.e.m.c.i.embedder.EclipseLogger - Using platform encoding (UTF-8 actually) to copy filtered resources, i.e. build is platform dependent!
2023-10-17 23:07:58,772 [Worker-39: Building] INFO  o.e.m.c.i.embedder.EclipseLogger - skip non existing resourceDirectory C:\Users\jggup\OneDrive\Documents\BookStoreWebsite\BookStoreWebsite\src\test\resources
2023-10-17 23:08:18,971 [Worker-40: Building] WARN  o.e.m.c.i.embedder.EclipseLogger - Using platform encoding (UTF-8 actually) to copy filtered resources, i.e. build is platform dependent!
2023-10-17 23:08:18,973 [Worker-40: Building] INFO  o.e.m.c.i.embedder.EclipseLogger - skip non existing resourceDirectory C:\Users\jggup\OneDrive\Documents\BookStoreWebsite\BookStoreWebsite\src\main\resources
2023-10-17 23:08:18,977 [Worker-40: Building] WARN  o.e.m.c.i.embedder.EclipseLogger - Using platform encoding (UTF-8 actually) to copy filtered resources, i.e. build is platform dependent!
2023-10-17 23:08:18,982 [Worker-40: Building] INFO  o.e.m.c.i.embedder.EclipseLogger - skip non existing resourceDirectory C:\Users\jggup\OneDrive\Documents\BookStoreWebsite\BookStoreWebsite\src\test\resources
2023-10-17 23:08:33,641 [Worker-35: Building] WARN  o.e.m.c.i.embedder.EclipseLogger - Using platform encoding (UTF-8 actually) to copy filtered resources, i.e. build is platform dependent!
2023-10-17 23:08:33,643 [Worker-35: Building] INFO  o.e.m.c.i.embedder.EclipseLogger - skip non existing resourceDirectory C:\Users\jggup\OneDrive\Documents\BookStoreWebsite\BookStoreWebsite\src\main\resources
2023-10-17 23:08:33,648 [Worker-35: Building] WARN  o.e.m.c.i.embedder.EclipseLogger - Using platform encoding (UTF-8 actually) to copy filtered resources, i.e. build is platform dependent!
2023-10-17 23:08:33,649 [Worker-35: Building] INFO  o.e.m.c.i.embedder.EclipseLogger - skip non existing resourceDirectory C:\Users\jggup\OneDrive\Documents\BookStoreWebsite\BookStoreWebsite\src\test\resources
2023-10-17 23:08:49,417 [Worker-36: Building] WARN  o.e.m.c.i.embedder.EclipseLogger - Using platform encoding (UTF-8 actually) to copy filtered resources, i.e. build is platform dependent!
2023-10-17 23:08:49,419 [Worker-36: Building] INFO  o.e.m.c.i.embedder.EclipseLogger - skip non existing resourceDirectory C:\Users\jggup\OneDrive\Documents\BookStoreWebsite\BookStoreWebsite\src\main\resources
2023-10-17 23:08:49,420 [Worker-36: Building] WARN  o.e.m.c.i.embedder.EclipseLogger - Using platform encoding (UTF-8 actually) to copy filtered resources, i.e. build is platform dependent!
2023-10-17 23:08:49,422 [Worker-36: Building] INFO  o.e.m.c.i.embedder.EclipseLogger - skip non existing resourceDirectory C:\Users\jggup\OneDrive\Documents\BookStoreWebsite\BookStoreWebsite\src\test\resources
2023-10-17 23:09:01,734 [Worker-40: Building] WARN  o.e.m.c.i.embedder.EclipseLogger - Using platform encoding (UTF-8 actually) to copy filtered resources, i.e. build is platform dependent!
2023-10-17 23:09:01,735 [Worker-40: Building] INFO  o.e.m.c.i.embedder.EclipseLogger - skip non existing resourceDirectory C:\Users\jggup\OneDrive\Documents\BookStoreWebsite\BookStoreWebsite\src\main\resources
2023-10-17 23:09:01,737 [Worker-40: Building] WARN  o.e.m.c.i.embedder.EclipseLogger - Using platform encoding (UTF-8 actually) to copy filtered resources, i.e. build is platform dependent!
2023-10-17 23:09:01,739 [Worker-40: Building] INFO  o.e.m.c.i.embedder.EclipseLogger - skip non existing resourceDirectory C:\Users\jggup\OneDrive\Documents\BookStoreWebsite\BookStoreWebsite\src\test\resources
2023-10-17 23:09:07,540 [Worker-38: Building] INFO  o.e.m.c.i.l.LifecycleMappingFactory - Using org.maven.ide.eclipse.wtp.WarLifecycleMapping lifecycle mapping for MavenProject: com.bookstore:BookStoreWebsite:0.0.1-SNAPSHOT @ C:\Users\jggup\OneDrive\Documents\BookStoreWebsite\BookStoreWebsite\pom.xml.
2023-10-17 23:09:08,309 [Worker-38: Building] WARN  o.e.m.c.i.embedder.EclipseLogger - Using platform encoding (UTF-8 actually) to copy filtered resources, i.e. build is platform dependent!
2023-10-17 23:09:08,314 [Worker-38: Building] INFO  o.e.m.c.i.embedder.EclipseLogger - skip non existing resourceDirectory C:\Users\jggup\OneDrive\Documents\BookStoreWebsite\BookStoreWebsite\src\main\resources
2023-10-17 23:09:08,319 [Worker-38: Building] WARN  o.e.m.c.i.embedder.EclipseLogger - Using platform encoding (UTF-8 actually) to copy filtered resources, i.e. build is platform dependent!
2023-10-17 23:09:08,321 [Worker-38: Building] INFO  o.e.m.c.i.embedder.EclipseLogger - skip non existing resourceDirectory C:\Users\jggup\OneDrive\Documents\BookStoreWebsite\BookStoreWebsite\src\test\resources
2023-10-17 23:09:08,321 [Worker-38: Building] INFO  o.e.m.w.i.f.ResourceFilteringBuildParticipant - Changed resources require a complete clean of filtered resources of BookStoreWebsite
2023-10-17 23:09:08,321 [Worker-38: Building] INFO  o.e.m.w.i.f.ResourceFilteringBuildParticipant - Executing resource filtering for BookStoreWebsite
2023-10-17 23:09:08,325 [Worker-38: Building] WARN  o.e.m.c.i.embedder.EclipseLogger - Using platform encoding (UTF-8 actually) to copy filtered resources, i.e. build is platform dependent!
2023-10-17 23:09:16,787 [Worker-36: Building] WARN  o.e.m.c.i.embedder.EclipseLogger - Using platform encoding (UTF-8 actually) to copy filtered resources, i.e. build is platform dependent!
2023-10-17 23:09:16,789 [Worker-36: Building] INFO  o.e.m.c.i.embedder.EclipseLogger - skip non existing resourceDirectory C:\Users\jggup\OneDrive\Documents\BookStoreWebsite\BookStoreWebsite\src\main\resources
2023-10-17 23:09:16,792 [Worker-36: Building] WARN  o.e.m.c.i.embedder.EclipseLogger - Using platform encoding (UTF-8 actually) to copy filtered resources, i.e. build is platform dependent!
2023-10-17 23:09:16,795 [Worker-36: Building] INFO  o.e.m.c.i.embedder.EclipseLogger - skip non existing resourceDirectory C:\Users\jggup\OneDrive\Documents\BookStoreWebsite\BookStoreWebsite\src\test\resources
2023-10-17 23:31:27,437 [Worker-53: Building] WARN  o.e.m.c.i.embedder.EclipseLogger - Using platform encoding (UTF-8 actually) to copy filtered resources, i.e. build is platform dependent!
2023-10-17 23:31:27,440 [Worker-53: Building] INFO  o.e.m.c.i.embedder.EclipseLogger - skip non existing resourceDirectory C:\Users\jggup\OneDrive\Documents\BookStoreWebsite\BookStoreWebsite\src\main\resources
2023-10-17 23:31:27,443 [Worker-53: Building] WARN  o.e.m.c.i.embedder.EclipseLogger - Using platform encoding (UTF-8 actually) to copy filtered resources, i.e. build is platform dependent!
2023-10-17 23:31:27,445 [Worker-53: Building] INFO  o.e.m.c.i.embedder.EclipseLogger - skip non existing resourceDirectory C:\Users\jggup\OneDrive\Documents\BookStoreWebsite\BookStoreWebsite\src\test\resources
2023-10-17 23:31:36,122 [Worker-39: Building] WARN  o.e.m.c.i.embedder.EclipseLogger - Using platform encoding (UTF-8 actually) to copy filtered resources, i.e. build is platform dependent!
2023-10-17 23:31:36,124 [Worker-39: Building] INFO  o.e.m.c.i.embedder.EclipseLogger - skip non existing resourceDirectory C:\Users\jggup\OneDrive\Documents\BookStoreWebsite\BookStoreWebsite\src\main\resources
2023-10-17 23:31:36,127 [Worker-39: Building] WARN  o.e.m.c.i.embedder.EclipseLogger - Using platform encoding (UTF-8 actually) to copy filtered resources, i.e. build is platform dependent!
2023-10-17 23:31:36,129 [Worker-39: Building] INFO  o.e.m.c.i.embedder.EclipseLogger - skip non existing resourceDirectory C:\Users\jggup\OneDrive\Documents\BookStoreWebsite\BookStoreWebsite\src\test\resources
2023-10-17 23:31:59,843 [Worker-39: Building] WARN  o.e.m.c.i.embedder.EclipseLogger - Using platform encoding (UTF-8 actually) to copy filtered resources, i.e. build is platform dependent!
2023-10-17 23:31:59,846 [Worker-39: Building] INFO  o.e.m.c.i.embedder.EclipseLogger - skip non existing resourceDirectory C:\Users\jggup\OneDrive\Documents\BookStoreWebsite\BookStoreWebsite\src\main\resources
2023-10-17 23:31:59,850 [Worker-39: Building] WARN  o.e.m.c.i.embedder.EclipseLogger - Using platform encoding (UTF-8 actually) to copy filtered resources, i.e. build is platform dependent!
2023-10-17 23:31:59,852 [Worker-39: Building] INFO  o.e.m.c.i.embedder.EclipseLogger - skip non existing resourceDirectory C:\Users\jggup\OneDrive\Documents\BookStoreWebsite\BookStoreWebsite\src\test\resources
2023-10-17 23:32:29,223 [Worker-50: Building] WARN  o.e.m.c.i.embedder.EclipseLogger - Using platform encoding (UTF-8 actually) to copy filtered resources, i.e. build is platform dependent!
2023-10-17 23:32:29,230 [Worker-50: Building] INFO  o.e.m.c.i.embedder.EclipseLogger - skip non existing resourceDirectory C:\Users\jggup\OneDrive\Documents\BookStoreWebsite\BookStoreWebsite\src\main\resources
2023-10-17 23:32:29,239 [Worker-50: Building] WARN  o.e.m.c.i.embedder.EclipseLogger - Using platform encoding (UTF-8 actually) to copy filtered resources, i.e. build is platform dependent!
2023-10-17 23:32:29,243 [Worker-50: Building] INFO  o.e.m.c.i.embedder.EclipseLogger - skip non existing resourceDirectory C:\Users\jggup\OneDrive\Documents\BookStoreWebsite\BookStoreWebsite\src\test\resources
2023-10-17 23:35:15,948 [Worker-56: Building] WARN  o.e.m.c.i.embedder.EclipseLogger - Using platform encoding (UTF-8 actually) to copy filtered resources, i.e. build is platform dependent!
2023-10-17 23:35:15,952 [Worker-56: Building] INFO  o.e.m.c.i.embedder.EclipseLogger - skip non existing resourceDirectory C:\Users\jggup\OneDrive\Documents\BookStoreWebsite\BookStoreWebsite\src\main\resources
2023-10-17 23:35:15,955 [Worker-56: Building] WARN  o.e.m.c.i.embedder.EclipseLogger - Using platform encoding (UTF-8 actually) to copy filtered resources, i.e. build is platform dependent!
2023-10-17 23:35:15,957 [Worker-56: Building] INFO  o.e.m.c.i.embedder.EclipseLogger - skip non existing resourceDirectory C:\Users\jggup\OneDrive\Documents\BookStoreWebsite\BookStoreWebsite\src\test\resources
2023-10-17 23:35:17,238 [Worker-52: Building] WARN  o.e.m.c.i.embedder.EclipseLogger - Using platform encoding (UTF-8 actually) to copy filtered resources, i.e. build is platform dependent!
2023-10-17 23:35:17,240 [Worker-52: Building] INFO  o.e.m.c.i.embedder.EclipseLogger - skip non existing resourceDirectory C:\Users\jggup\OneDrive\Documents\BookStoreWebsite\BookStoreWebsite\src\main\resources
2023-10-17 23:35:17,243 [Worker-52: Building] WARN  o.e.m.c.i.embedder.EclipseLogger - Using platform encoding (UTF-8 actually) to copy filtered resources, i.e. build is platform dependent!
2023-10-17 23:35:17,244 [Worker-52: Building] INFO  o.e.m.c.i.embedder.EclipseLogger - skip non existing resourceDirectory C:\Users\jggup\OneDrive\Documents\BookStoreWebsite\BookStoreWebsite\src\test\resources
2023-10-18 00:11:32,506 [Worker-55: Building] WARN  o.e.m.c.i.embedder.EclipseLogger - Using platform encoding (UTF-8 actually) to copy filtered resources, i.e. build is platform dependent!
2023-10-18 00:11:32,508 [Worker-55: Building] INFO  o.e.m.c.i.embedder.EclipseLogger - skip non existing resourceDirectory C:\Users\jggup\OneDrive\Documents\BookStoreWebsite\BookStoreWebsite\src\main\resources
2023-10-18 00:11:32,512 [Worker-55: Building] WARN  o.e.m.c.i.embedder.EclipseLogger - Using platform encoding (UTF-8 actually) to copy filtered resources, i.e. build is platform dependent!
2023-10-18 00:11:32,514 [Worker-55: Building] INFO  o.e.m.c.i.embedder.EclipseLogger - skip non existing resourceDirectory C:\Users\jggup\OneDrive\Documents\BookStoreWebsite\BookStoreWebsite\src\test\resources
2023-10-18 13:02:52,700 [Worker-3: Loading available Gradle versions] INFO  o.e.b.c.i.u.g.PublishedGradleVersions - Gradle version information cache is up-to-date. Trying to read.
2023-10-18 13:03:25,993 [Worker-10: Building] WARN  o.e.m.c.i.embedder.EclipseLogger - Using platform encoding (UTF-8 actually) to copy filtered resources, i.e. build is platform dependent!
2023-10-18 13:03:26,001 [Worker-10: Building] INFO  o.e.m.c.i.embedder.EclipseLogger - skip non existing resourceDirectory C:\Users\jggup\OneDrive\Documents\BookStoreWebsite\BookStoreWebsite\src\main\resources
2023-10-18 13:03:26,006 [Worker-10: Building] WARN  o.e.m.c.i.embedder.EclipseLogger - Using platform encoding (UTF-8 actually) to copy filtered resources, i.e. build is platform dependent!
2023-10-18 13:03:26,008 [Worker-10: Building] INFO  o.e.m.c.i.embedder.EclipseLogger - skip non existing resourceDirectory C:\Users\jggup\OneDrive\Documents\BookStoreWebsite\BookStoreWebsite\src\test\resources
2023-10-18 13:03:30,251 [Worker-23: Building] WARN  o.e.m.c.i.embedder.EclipseLogger - Using platform encoding (UTF-8 actually) to copy filtered resources, i.e. build is platform dependent!
2023-10-18 13:03:30,263 [Worker-23: Building] INFO  o.e.m.c.i.embedder.EclipseLogger - skip non existing resourceDirectory C:\Users\jggup\OneDrive\Documents\BookStoreWebsite\BookStoreWebsite\src\main\resources
2023-10-18 13:03:30,320 [Worker-23: Building] WARN  o.e.m.c.i.embedder.EclipseLogger - Using platform encoding (UTF-8 actually) to copy filtered resources, i.e. build is platform dependent!
2023-10-18 13:03:30,353 [Worker-23: Building] INFO  o.e.m.c.i.embedder.EclipseLogger - skip non existing resourceDirectory C:\Users\jggup\OneDrive\Documents\BookStoreWebsite\BookStoreWebsite\src\test\resources
2023-10-18 13:04:03,257 [Worker-20: Building] WARN  o.e.m.c.i.embedder.EclipseLogger - Using platform encoding (UTF-8 actually) to copy filtered resources, i.e. build is platform dependent!
2023-10-18 13:04:03,259 [Worker-20: Building] INFO  o.e.m.c.i.embedder.EclipseLogger - skip non existing resourceDirectory C:\Users\jggup\OneDrive\Documents\BookStoreWebsite\BookStoreWebsite\src\main\resources
2023-10-18 13:04:03,262 [Worker-20: Building] WARN  o.e.m.c.i.embedder.EclipseLogger - Using platform encoding (UTF-8 actually) to copy filtered resources, i.e. build is platform dependent!
2023-10-18 13:04:03,263 [Worker-20: Building] INFO  o.e.m.c.i.embedder.EclipseLogger - skip non existing resourceDirectory C:\Users\jggup\OneDrive\Documents\BookStoreWebsite\BookStoreWebsite\src\test\resources
2023-10-18 13:06:48,350 [Worker-25: Building] WARN  o.e.m.c.i.embedder.EclipseLogger - Using platform encoding (UTF-8 actually) to copy filtered resources, i.e. build is platform dependent!
2023-10-18 13:06:48,352 [Worker-25: Building] INFO  o.e.m.c.i.embedder.EclipseLogger - skip non existing resourceDirectory C:\Users\jggup\OneDrive\Documents\BookStoreWebsite\BookStoreWebsite\src\main\resources
2023-10-18 13:06:48,355 [Worker-25: Building] WARN  o.e.m.c.i.embedder.EclipseLogger - Using platform encoding (UTF-8 actually) to copy filtered resources, i.e. build is platform dependent!
2023-10-18 13:06:48,357 [Worker-25: Building] INFO  o.e.m.c.i.embedder.EclipseLogger - skip non existing resourceDirectory C:\Users\jggup\OneDrive\Documents\BookStoreWebsite\BookStoreWebsite\src\test\resources
